{"/home/pqkallio/fullstack_course/vko5/unicafe/src/index.js": {"path":"/home/pqkallio/fullstack_course/vko5/unicafe/src/index.js","statementMap":{"0":{"start":{"line":1,"column":32},"end":{"line":1,"column":91}},"1":{"start":{"line":9,"column":13},"end":{"line":9,"column":29}},"2":{"start":{"line":9,"column":44},"end":{"line":9,"column":74}},"3":{"start":{"line":10,"column":16},"end":{"line":10,"column":36}},"4":{"start":{"line":10,"column":54},"end":{"line":10,"column":87}},"5":{"start":{"line":11,"column":13},"end":{"line":11,"column":29}},"6":{"start":{"line":12,"column":0},"end":{"line":12,"column":23}},"7":{"start":{"line":13,"column":15},"end":{"line":13,"column":35}},"8":{"start":{"line":13,"column":74},"end":{"line":13,"column":128}},"9":{"start":{"line":15,"column":17},"end":{"line":15,"column":23}},"10":{"start":{"line":16,"column":20},"end":{"line":16,"column":29}},"11":{"start":{"line":17,"column":16},"end":{"line":17,"column":21}},"12":{"start":{"line":19,"column":14},"end":{"line":19,"column":62}},"13":{"start":{"line":21,"column":21},"end":{"line":21,"column":69}},"14":{"start":{"line":21,"column":29},"end":{"line":21,"column":69}},"15":{"start":{"line":23,"column":15},"end":{"line":27,"column":1}},"16":{"start":{"line":24,"column":4},"end":{"line":25,"column":155}},"17":{"start":{"line":29,"column":15},"end":{"line":35,"column":1}},"18":{"start":{"line":30,"column":4},"end":{"line":32,"column":134}},"19":{"start":{"line":37,"column":24},"end":{"line":45,"column":1}},"20":{"start":{"line":38,"column":4},"end":{"line":42,"column":180}},"21":{"start":{"line":47,"column":20},"end":{"line":54,"column":1}},"22":{"start":{"line":48,"column":4},"end":{"line":51,"column":164}},"23":{"start":{"line":56,"column":18},"end":{"line":63,"column":1}},"24":{"start":{"line":57,"column":4},"end":{"line":60,"column":134}},"25":{"start":{"line":65,"column":19},"end":{"line":89,"column":1}},"26":{"start":{"line":66,"column":21},"end":{"line":66,"column":50}},"27":{"start":{"line":68,"column":4},"end":{"line":74,"column":5}},"28":{"start":{"line":69,"column":8},"end":{"line":71,"column":168}},"29":{"start":{"line":76,"column":4},"end":{"line":84,"column":202}},"30":{"start":{"line":91,"column":17},"end":{"line":99,"column":1}},"31":{"start":{"line":92,"column":4},"end":{"line":96,"column":143}},"32":{"start":{"line":103,"column":8},"end":{"line":103,"column":16}},"33":{"start":{"line":103,"column":16},"end":{"line":116,"column":34}},"34":{"start":{"line":114,"column":28},"end":{"line":116,"column":33}},"35":{"start":{"line":116,"column":34},"end":{"line":123,"column":10}},"36":{"start":{"line":119,"column":26},"end":{"line":119,"column":80}},"37":{"start":{"line":120,"column":30},"end":{"line":120,"column":56}},"38":{"start":{"line":122,"column":12},"end":{"line":122,"column":55}},"39":{"start":{"line":123,"column":10},"end":{"line":129,"column":10}},"40":{"start":{"line":126,"column":39},"end":{"line":126,"column":86}},"41":{"start":{"line":128,"column":12},"end":{"line":128,"column":73}},"42":{"start":{"line":129,"column":10},"end":{"line":133,"column":10}},"43":{"start":{"line":131,"column":38},"end":{"line":133,"column":9}},"44":{"start":{"line":132,"column":12},"end":{"line":132,"column":48}},"45":{"start":{"line":133,"column":10},"end":{"line":133,"column":50}},"46":{"start":{"line":133,"column":50},"end":{"line":133,"column":84}},"47":{"start":{"line":133,"column":84},"end":{"line":133,"column":147}},"48":{"start":{"line":136,"column":8},"end":{"line":141,"column":153}},"49":{"start":{"line":148,"column":18},"end":{"line":150,"column":1}},"50":{"start":{"line":149,"column":4},"end":{"line":149,"column":177}},"51":{"start":{"line":152,"column":0},"end":{"line":152,"column":12}},"52":{"start":{"line":153,"column":0},"end":{"line":153,"column":27}}},"fnMap":{"0":{"name":"_interopRequireDefault","decl":{"start":{"line":13,"column":45},"end":{"line":13,"column":67}},"loc":{"start":{"line":13,"column":73},"end":{"line":13,"column":129}},"line":13},"1":{"name":"(anonymous_1)","decl":{"start":{"line":21,"column":21},"end":{"line":21,"column":22}},"loc":{"start":{"line":21,"column":29},"end":{"line":21,"column":69}},"line":21},"2":{"name":"(anonymous_2)","decl":{"start":{"line":23,"column":15},"end":{"line":23,"column":16}},"loc":{"start":{"line":23,"column":43},"end":{"line":27,"column":1}},"line":23},"3":{"name":"(anonymous_3)","decl":{"start":{"line":29,"column":15},"end":{"line":29,"column":16}},"loc":{"start":{"line":29,"column":30},"end":{"line":35,"column":1}},"line":29},"4":{"name":"(anonymous_4)","decl":{"start":{"line":37,"column":24},"end":{"line":37,"column":25}},"loc":{"start":{"line":37,"column":45},"end":{"line":45,"column":1}},"line":37},"5":{"name":"(anonymous_5)","decl":{"start":{"line":47,"column":20},"end":{"line":47,"column":21}},"loc":{"start":{"line":47,"column":48},"end":{"line":54,"column":1}},"line":47},"6":{"name":"(anonymous_6)","decl":{"start":{"line":56,"column":18},"end":{"line":56,"column":19}},"loc":{"start":{"line":56,"column":40},"end":{"line":63,"column":1}},"line":56},"7":{"name":"(anonymous_7)","decl":{"start":{"line":65,"column":19},"end":{"line":65,"column":20}},"loc":{"start":{"line":65,"column":81},"end":{"line":89,"column":1}},"line":65},"8":{"name":"(anonymous_8)","decl":{"start":{"line":91,"column":17},"end":{"line":91,"column":18}},"loc":{"start":{"line":91,"column":86},"end":{"line":99,"column":1}},"line":91},"9":{"name":"(anonymous_9)","decl":{"start":{"line":102,"column":4},"end":{"line":102,"column":5}},"loc":{"start":{"line":102,"column":18},"end":{"line":133,"column":148}},"line":102},"10":{"name":"(anonymous_10)","decl":{"start":{"line":114,"column":22},"end":{"line":114,"column":23}},"loc":{"start":{"line":114,"column":28},"end":{"line":116,"column":33}},"line":114},"11":{"name":"(anonymous_11)","decl":{"start":{"line":118,"column":20},"end":{"line":118,"column":21}},"loc":{"start":{"line":118,"column":26},"end":{"line":123,"column":9}},"line":118},"12":{"name":"(anonymous_12)","decl":{"start":{"line":125,"column":23},"end":{"line":125,"column":24}},"loc":{"start":{"line":125,"column":29},"end":{"line":129,"column":9}},"line":125},"13":{"name":"(anonymous_13)","decl":{"start":{"line":131,"column":25},"end":{"line":131,"column":26}},"loc":{"start":{"line":131,"column":38},"end":{"line":133,"column":9}},"line":131},"14":{"name":"(anonymous_14)","decl":{"start":{"line":131,"column":38},"end":{"line":131,"column":39}},"loc":{"start":{"line":131,"column":44},"end":{"line":133,"column":9}},"line":131},"15":{"name":"(anonymous_15)","decl":{"start":{"line":135,"column":4},"end":{"line":135,"column":5}},"loc":{"start":{"line":135,"column":13},"end":{"line":145,"column":5}},"line":135},"16":{"name":"(anonymous_16)","decl":{"start":{"line":148,"column":18},"end":{"line":148,"column":19}},"loc":{"start":{"line":148,"column":24},"end":{"line":150,"column":1}},"line":148}},"branchMap":{"0":{"loc":{"start":{"line":13,"column":81},"end":{"line":13,"column":127}},"type":"cond-expr","locations":[{"start":{"line":13,"column":105},"end":{"line":13,"column":108}},{"start":{"line":13,"column":111},"end":{"line":13,"column":127}}],"line":13},"1":{"loc":{"start":{"line":13,"column":81},"end":{"line":13,"column":102}},"type":"binary-expr","locations":[{"start":{"line":13,"column":81},"end":{"line":13,"column":84}},{"start":{"line":13,"column":88},"end":{"line":13,"column":102}}],"line":13},"2":{"loc":{"start":{"line":68,"column":4},"end":{"line":74,"column":5}},"type":"if","locations":[{"start":{"line":68,"column":4},"end":{"line":74,"column":5}},{"start":{"line":68,"column":4},"end":{"line":74,"column":5}}],"line":68},"3":{"loc":{"start":{"line":122,"column":19},"end":{"line":122,"column":54}},"type":"cond-expr","locations":[{"start":{"line":122,"column":41},"end":{"line":122,"column":50}},{"start":{"line":122,"column":53},"end":{"line":122,"column":54}}],"line":122},"4":{"loc":{"start":{"line":128,"column":19},"end":{"line":128,"column":72}},"type":"cond-expr","locations":[{"start":{"line":128,"column":50},"end":{"line":128,"column":68}},{"start":{"line":128,"column":71},"end":{"line":128,"column":72}}],"line":128}},"s":{"0":0,"1":0,"2":0,"3":0,"4":0,"5":0,"6":0,"7":0,"8":0,"9":0,"10":0,"11":0,"12":0,"13":0,"14":0,"15":0,"16":0,"17":0,"18":0,"19":0,"20":0,"21":0,"22":0,"23":0,"24":0,"25":0,"26":0,"27":0,"28":0,"29":0,"30":0,"31":0,"32":0,"33":0,"34":0,"35":0,"36":0,"37":0,"38":0,"39":0,"40":0,"41":0,"42":0,"43":0,"44":0,"45":0,"46":0,"47":0,"48":0,"49":0,"50":0,"51":0,"52":0},"f":{"0":0,"1":0,"2":0,"3":0,"4":0,"5":0,"6":0,"7":0,"8":0,"9":0,"10":0,"11":0,"12":0,"13":0,"14":0,"15":0,"16":0},"b":{"0":[0,0],"1":[0,0],"2":[0,0],"3":[0,0],"4":[0,0]}}
,"/home/pqkallio/fullstack_course/vko5/unicafe/src/reducer.js": {"path":"/home/pqkallio/fullstack_course/vko5/unicafe/src/reducer.js","statementMap":{"0":{"start":{"line":1,"column":19},"end":{"line":5,"column":1}},"1":{"start":{"line":7,"column":21},"end":{"line":11,"column":1}},"2":{"start":{"line":13,"column":23},"end":{"line":25,"column":1}},"3":{"start":{"line":14,"column":4},"end":{"line":24,"column":5}},"4":{"start":{"line":18,"column":12},"end":{"line":21,"column":13}},"5":{"start":{"line":23,"column":12},"end":{"line":23,"column":24}}},"fnMap":{"0":{"name":"(anonymous_0)","decl":{"start":{"line":13,"column":23},"end":{"line":13,"column":24}},"loc":{"start":{"line":13,"column":57},"end":{"line":25,"column":1}},"line":13}},"branchMap":{"0":{"loc":{"start":{"line":13,"column":24},"end":{"line":13,"column":44}},"type":"default-arg","locations":[{"start":{"line":13,"column":32},"end":{"line":13,"column":44}}],"line":13},"1":{"loc":{"start":{"line":14,"column":4},"end":{"line":24,"column":5}},"type":"switch","locations":[{"start":{"line":15,"column":8},"end":{"line":15,"column":34}},{"start":{"line":16,"column":8},"end":{"line":16,"column":37}},{"start":{"line":17,"column":8},"end":{"line":21,"column":13}},{"start":{"line":22,"column":8},"end":{"line":23,"column":24}}],"line":14}},"s":{"0":1,"1":1,"2":1,"3":4,"4":3,"5":1},"f":{"0":4},"b":{"0":[1],"1":[1,2,3,1]},"_coverageSchema":"332fd63041d2c1bcb487cc26dd0d5f7d97098a6c","hash":"bfd514d0fcadc51a16c9f987cf8796dd38963b47"}
}
